07 08, 2020 09:01:10 上午 com.eryingzhang.tomcat.watcher.ContextFileChangeWatcher$1 dealWith
INFO : com.eryingzhang.tomcat.watcher.ContextFileChangeWatcher@eb35e0 检测到了Web应用下的重要文件变化 CookieServlet.class 
07 08, 2020 09:01:10 上午 com.eryingzhang.tomcat.catalina.Host reload
INFO : Reloading Context with name [/javaweb] has started
07 08, 2020 09:01:10 上午 com.eryingzhang.tomcat.catalina.Context deploy
INFO : Deploying web application directory H:/Java_source_space/javaweb/web
07 08, 2020 09:01:10 上午 com.eryingzhang.tomcat.catalina.Context deploy
INFO : Deplyment of web applicton directory H:/Java_source_space/javaweb/web has finished in 55 ms
07 08, 2020 09:01:10 上午 com.eryingzhang.tomcat.catalina.Host reload
INFO : Reloading Context with name [/javaweb] has completed
07 08, 2020 09:02:36 上午 com.eryingzhang.tomcat.watcher.ContextFileChangeWatcher$1 dealWith
INFO : com.eryingzhang.tomcat.watcher.ContextFileChangeWatcher@266219 检测到了Web应用下的重要文件变化 CookieServlet.class 
07 08, 2020 09:02:36 上午 com.eryingzhang.tomcat.catalina.Host reload
INFO : Reloading Context with name [/javaweb] has started
07 08, 2020 09:02:36 上午 com.eryingzhang.tomcat.catalina.Context deploy
INFO : Deploying web application directory H:/Java_source_space/javaweb/web
07 08, 2020 09:02:36 上午 com.eryingzhang.tomcat.catalina.Context deploy
INFO : Deplyment of web applicton directory H:/Java_source_space/javaweb/web has finished in 4 ms
07 08, 2020 09:02:36 上午 com.eryingzhang.tomcat.catalina.Host reload
INFO : Reloading Context with name [/javaweb] has completed
07 08, 2020 09:04:49 上午 com.eryingzhang.tomcat.watcher.ContextFileChangeWatcher$1 dealWith
INFO : com.eryingzhang.tomcat.watcher.ContextFileChangeWatcher@19458bd 检测到了Web应用下的重要文件变化 CookieServlet.class 
07 08, 2020 09:04:49 上午 com.eryingzhang.tomcat.catalina.Host reload
INFO : Reloading Context with name [/javaweb] has started
07 08, 2020 09:04:49 上午 com.eryingzhang.tomcat.catalina.Context deploy
INFO : Deploying web application directory H:/Java_source_space/javaweb/web
07 08, 2020 09:04:49 上午 com.eryingzhang.tomcat.catalina.Context deploy
INFO : Deplyment of web applicton directory H:/Java_source_space/javaweb/web has finished in 5 ms
07 08, 2020 09:04:49 上午 com.eryingzhang.tomcat.catalina.Host reload
INFO : Reloading Context with name [/javaweb] has completed
07 08, 2020 09:05:09 上午 com.eryingzhang.tomcat.watcher.ContextFileChangeWatcher$1 dealWith
INFO : com.eryingzhang.tomcat.watcher.ContextFileChangeWatcher@26a411 检测到了Web应用下的重要文件变化 CookieServlet.class 
07 08, 2020 09:05:09 上午 com.eryingzhang.tomcat.catalina.Host reload
INFO : Reloading Context with name [/javaweb] has started
07 08, 2020 09:05:09 上午 com.eryingzhang.tomcat.catalina.Context deploy
INFO : Deploying web application directory H:/Java_source_space/javaweb/web
07 08, 2020 09:05:09 上午 com.eryingzhang.tomcat.catalina.Context deploy
INFO : Deplyment of web applicton directory H:/Java_source_space/javaweb/web has finished in 6 ms
07 08, 2020 09:05:09 上午 com.eryingzhang.tomcat.catalina.Host reload
INFO : Reloading Context with name [/javaweb] has completed
07 08, 2020 09:05:10 上午 com.eryingzhang.tomcat.watcher.ContextFileChangeWatcher$1 dealWith
INFO : com.eryingzhang.tomcat.watcher.ContextFileChangeWatcher@1118fd4 检测到了Web应用下的重要文件变化 CookieServlet.class 
07 08, 2020 09:05:10 上午 com.eryingzhang.tomcat.catalina.Host reload
INFO : Reloading Context with name [/javaweb] has started
07 08, 2020 09:05:10 上午 com.eryingzhang.tomcat.catalina.Context deploy
INFO : Deploying web application directory H:/Java_source_space/javaweb/web
07 08, 2020 09:05:10 上午 com.eryingzhang.tomcat.catalina.Context deploy
INFO : Deplyment of web applicton directory H:/Java_source_space/javaweb/web has finished in 4 ms
07 08, 2020 09:05:10 上午 com.eryingzhang.tomcat.catalina.Host reload
INFO : Reloading Context with name [/javaweb] has completed
07 08, 2020 09:05:59 上午 com.eryingzhang.tomcat.watcher.ContextFileChangeWatcher$1 dealWith
INFO : com.eryingzhang.tomcat.watcher.ContextFileChangeWatcher@117fb76 检测到了Web应用下的重要文件变化 web.xml 
07 08, 2020 09:05:59 上午 com.eryingzhang.tomcat.catalina.Host reload
INFO : Reloading Context with name [/javaweb] has started
07 08, 2020 09:05:59 上午 com.eryingzhang.tomcat.catalina.Context deploy
INFO : Deploying web application directory H:/Java_source_space/javaweb/web
07 08, 2020 09:05:59 上午 com.eryingzhang.tomcat.catalina.Context deploy
INFO : Deplyment of web applicton directory H:/Java_source_space/javaweb/web has finished in 3 ms
07 08, 2020 09:05:59 上午 com.eryingzhang.tomcat.catalina.Host reload
INFO : Reloading Context with name [/javaweb] has completed
07 08, 2020 09:30:25 上午 com.eryingzhang.tomcat.catalina.Context deploy
INFO : Deploying web application directory H:\Java_source_space\com.eryingzhang.tomcat\src\main\resources\webapps\a
07 08, 2020 09:30:25 上午 com.eryingzhang.tomcat.catalina.Context deploy
INFO : Deplyment of web applicton directory H:\Java_source_space\com.eryingzhang.tomcat\src\main\resources\webapps\a has finished in 228 ms
07 08, 2020 09:30:25 上午 com.eryingzhang.tomcat.catalina.Context deploy
INFO : Deploying web application directory H:\Java_source_space\com.eryingzhang.tomcat\src\main\resources\webapps\b
07 08, 2020 09:30:25 上午 com.eryingzhang.tomcat.catalina.Context deploy
INFO : Deplyment of web applicton directory H:\Java_source_space\com.eryingzhang.tomcat\src\main\resources\webapps\b has finished in 0 ms
07 08, 2020 09:30:25 上午 com.eryingzhang.tomcat.catalina.Context deploy
INFO : Deploying web application directory H:\Java_source_space\com.eryingzhang.tomcat\src\main\resources\webapps\c
07 08, 2020 09:30:25 上午 com.eryingzhang.tomcat.catalina.Context deploy
INFO : Deplyment of web applicton directory H:\Java_source_space\com.eryingzhang.tomcat\src\main\resources\webapps\c has finished in 0 ms
07 08, 2020 09:30:25 上午 com.eryingzhang.tomcat.catalina.Context deploy
INFO : Deploying web application directory H:\Java_source_space\com.eryingzhang.tomcat\src\main\resources\webapps\j2ee
07 08, 2020 09:30:25 上午 com.eryingzhang.tomcat.catalina.Context deploy
INFO : Deplyment of web applicton directory H:\Java_source_space\com.eryingzhang.tomcat\src\main\resources\webapps\j2ee has finished in 3 ms
07 08, 2020 09:30:25 上午 com.eryingzhang.tomcat.catalina.Context deploy
INFO : Deploying web application directory H:\Java_source_space\com.eryingzhang.tomcat\src\main\resources\webapps\ROOT
07 08, 2020 09:30:25 上午 com.eryingzhang.tomcat.catalina.Context deploy
INFO : Deplyment of web applicton directory H:\Java_source_space\com.eryingzhang.tomcat\src\main\resources\webapps\ROOT has finished in 0 ms
07 08, 2020 09:30:25 上午 com.eryingzhang.tomcat.catalina.Context deploy
INFO : Deploying web application directory H:/Java_source_space/com.eryingzhang.tomcat/src/main/resources/webapps/b
07 08, 2020 09:30:25 上午 com.eryingzhang.tomcat.catalina.Context deploy
INFO : Deplyment of web applicton directory H:/Java_source_space/com.eryingzhang.tomcat/src/main/resources/webapps/b has finished in 0 ms
07 08, 2020 09:30:25 上午 com.eryingzhang.tomcat.catalina.Context deploy
INFO : Deploying web application directory H:/Java_source_space/javaweb/web
07 08, 2020 09:30:25 上午 com.eryingzhang.tomcat.catalina.Context deploy
INFO : Deplyment of web applicton directory H:/Java_source_space/javaweb/web has finished in 164 ms
07 08, 2020 09:30:25 上午 com.eryingzhang.tomcat.catalina.Server logJVM
INFO : Server version:		erYingZhang DiyTomcat/0.0.1
07 08, 2020 09:30:25 上午 com.eryingzhang.tomcat.catalina.Server logJVM
INFO : Server built:		2020-07-08 09:30:25
07 08, 2020 09:30:25 上午 com.eryingzhang.tomcat.catalina.Server logJVM
INFO : Server number:		0.0.1
07 08, 2020 09:30:25 上午 com.eryingzhang.tomcat.catalina.Server logJVM
INFO : OS Name	:		Windows 10
07 08, 2020 09:30:25 上午 com.eryingzhang.tomcat.catalina.Server logJVM
INFO : OS Version:		10.0
07 08, 2020 09:30:25 上午 com.eryingzhang.tomcat.catalina.Server logJVM
INFO : Architecture:		x86
07 08, 2020 09:30:25 上午 com.eryingzhang.tomcat.catalina.Server logJVM
INFO : Java Home:		G:\eclipse-rcp-oxygen-3a-win32_2\eclipse_origin\jre
07 08, 2020 09:30:25 上午 com.eryingzhang.tomcat.catalina.Server logJVM
INFO : JVM Version:		1.8.0_151-b12
07 08, 2020 09:30:25 上午 com.eryingzhang.tomcat.catalina.Server logJVM
INFO : JVM Vendor:		Oracle Corporation
07 08, 2020 09:30:25 上午 com.eryingzhang.tomcat.catalina.Connector init
INFO : Initializing ProtocolHandler [http-bio-8051]
07 08, 2020 09:30:25 上午 com.eryingzhang.tomcat.catalina.Connector init
INFO : Initializing ProtocolHandler [http-bio-8052]
07 08, 2020 09:30:25 上午 com.eryingzhang.tomcat.catalina.Connector init
INFO : Initializing ProtocolHandler [http-bio-8053]
07 08, 2020 09:30:25 上午 com.eryingzhang.tomcat.catalina.Service init
INFO : initialization processed in 1 ms
07 08, 2020 09:30:25 上午 com.eryingzhang.tomcat.catalina.Connector start
INFO : Starting ProtocolHandler [http-bio-8051]
07 08, 2020 09:30:25 上午 com.eryingzhang.tomcat.catalina.Connector start
INFO : Starting ProtocolHandler [http-bio-8052]
07 08, 2020 09:30:25 上午 com.eryingzhang.tomcat.catalina.Connector start
INFO : Starting ProtocolHandler [http-bio-8053]
07 08, 2020 09:30:25 上午 com.eryingzhang.tomcat.catalina.Server start
INFO : Server startup in 131 ms
07 08, 2020 09:32:56 上午 com.eryingzhang.tomcat.catalina.HttpProcessor error
ERROR: this is a deliberately created exception
java.lang.RuntimeException: this is a deliberately created exception
	at com.eryingzhang.tomcat.servlet.DefaultServlet.service(DefaultServlet.java:46)
	at javax.servlet.http.HttpServlet.service(HttpServlet.java:731)
	at com.eryingzhang.tomcat.catalina.HttpProcessor.execute(HttpProcessor.java:32)
	at com.eryingzhang.tomcat.catalina.Connector$1.run(Connector.java:60)
	at java.util.concurrent.ThreadPoolExecutor.runWorker(ThreadPoolExecutor.java:1149)
	at java.util.concurrent.ThreadPoolExecutor$Worker.run(ThreadPoolExecutor.java:624)
	at java.lang.Thread.run(Thread.java:748)
07 08, 2020 09:33:44 上午 com.eryingzhang.tomcat.catalina.HttpProcessor error
ERROR: this is a deliberately created exception
java.lang.RuntimeException: this is a deliberately created exception
	at com.eryingzhang.tomcat.servlet.DefaultServlet.service(DefaultServlet.java:46)
	at javax.servlet.http.HttpServlet.service(HttpServlet.java:731)
	at com.eryingzhang.tomcat.catalina.HttpProcessor.execute(HttpProcessor.java:32)
	at com.eryingzhang.tomcat.catalina.Connector$1.run(Connector.java:60)
	at java.util.concurrent.ThreadPoolExecutor.runWorker(ThreadPoolExecutor.java:1149)
	at java.util.concurrent.ThreadPoolExecutor$Worker.run(ThreadPoolExecutor.java:624)
	at java.lang.Thread.run(Thread.java:748)
07 08, 2020 09:35:51 上午 com.eryingzhang.tomcat.catalina.HttpProcessor error
ERROR: this is a deliberately created exception
java.lang.RuntimeException: this is a deliberately created exception
	at com.eryingzhang.tomcat.servlet.DefaultServlet.service(DefaultServlet.java:46)
	at javax.servlet.http.HttpServlet.service(HttpServlet.java:731)
	at com.eryingzhang.tomcat.catalina.HttpProcessor.execute(HttpProcessor.java:32)
	at com.eryingzhang.tomcat.catalina.Connector$1.run(Connector.java:60)
	at java.util.concurrent.ThreadPoolExecutor.runWorker(ThreadPoolExecutor.java:1149)
	at java.util.concurrent.ThreadPoolExecutor$Worker.run(ThreadPoolExecutor.java:624)
	at java.lang.Thread.run(Thread.java:748)
